{
  "stats": {
    "suites": 1,
    "tests": 1,
    "passes": 1,
    "pending": 0,
    "failures": 0,
    "start": "2024-12-14T08:01:23.346Z",
    "end": "2024-12-14T08:01:27.670Z",
    "duration": 4324,
    "testsRegistered": 1,
    "passPercent": 100,
    "pendingPercent": 0,
    "other": 0,
    "hasOther": false,
    "skipped": 0,
    "hasSkipped": false
  },
  "results": [
    {
      "uuid": "6a74d2b8-8404-4c7e-9ee4-86cf1bc07c31",
      "title": "",
      "fullFile": "cypress\\e2e\\saucelogout.cy.js",
      "file": "cypress\\e2e\\saucelogout.cy.js",
      "beforeHooks": [],
      "afterHooks": [],
      "tests": [],
      "suites": [
        {
          "uuid": "5235ef0d-b470-42a7-9389-639d9d3efcf4",
          "title": "Validate the logout functionality",
          "fullFile": "",
          "file": "",
          "beforeHooks": [],
          "afterHooks": [],
          "tests": [
            {
              "title": "Validate that user can log out successfully",
              "fullTitle": "Validate the logout functionality Validate that user can log out successfully",
              "timedOut": null,
              "duration": 4113,
              "state": "passed",
              "speed": "fast",
              "pass": true,
              "fail": false,
              "pending": false,
              "context": null,
              "code": "const validUser = _users.users.standard_user;\ncy.get('[data-test=\"username\"]').type(validUser.username);\ncy.get('[data-test=\"password\"]').type(validUser.password);\ncy.get('[data-test=\"login-button\"]').click();\ncy.url().should('include', validUser.expectedUrl);\ncy.get('.title').should('have.text', validUser.expectedTitle);\ncy.get('.bm-burger-button').should('be.visible').click();\ncy.get('#logout_sidebar_link').should('have.css', 'color', _color.colors.DeepGreen).click();\ncy.url().should('include', '');",
              "err": {},
              "uuid": "a1535a79-c9a3-4b36-b551-1da73d39557b",
              "parentUUID": "5235ef0d-b470-42a7-9389-639d9d3efcf4",
              "isHook": false,
              "skipped": false
            }
          ],
          "suites": [],
          "passes": [
            "a1535a79-c9a3-4b36-b551-1da73d39557b"
          ],
          "failures": [],
          "pending": [],
          "skipped": [],
          "duration": 4113,
          "root": false,
          "rootEmpty": false,
          "_timeout": 2000
        }
      ],
      "passes": [],
      "failures": [],
      "pending": [],
      "skipped": [],
      "duration": 0,
      "root": true,
      "rootEmpty": true,
      "_timeout": 2000
    }
  ],
  "meta": {
    "mocha": {
      "version": "7.0.1"
    },
    "mochawesome": {
      "options": {
        "quiet": false,
        "reportFilename": "mochawesome",
        "saveHtml": true,
        "saveJson": true,
        "consoleReporter": "spec",
        "useInlineDiffs": false,
        "code": true
      },
      "version": "7.1.3"
    },
    "marge": {
      "options": {
        "reportDir": "cypress/reports",
        "overwrite": false,
        "html": true,
        "json": true
      },
      "version": "6.2.0"
    }
  }
}